<?xml version="1.0" encoding="UTF-8"?>
<testsuite xmlns:xsi="http://www.w3.org/2001/XMLSchema-instance" xsi:noNamespaceSchemaLocation="https://maven.apache.org/surefire/maven-surefire-plugin/xsd/surefire-test-report.xsd" version="3.0.2" name="com.serviceum.ServiceUmTest" time="1.671" tests="1" errors="0" skipped="0" failures="0">
  <properties>
[...]
</properties>
  <testcase name="testItWorks" classname="com.serviceum.ServiceUmTest" time="0.035">
    <system-out><![CDATA[&amp#27;[36m10:28:05.165&amp#27;[0;39m &amp#27;[1;30m[main]&amp#27;[0;39m &amp#27;[34mINFO &amp#27;[0;39m &amp#27;[35mi.m.c.DefaultApplicationContext$RuntimeConfiguredEnvironment&amp#27;[0;39m - Established active environments: [test]
&amp#27;[36m10:28:05.691&amp#27;[0;39m &amp#27;[1;30m[main]&amp#27;[0;39m &amp#27;[34mINFO &amp#27;[0;39m &amp#27;[35morg.mongodb.driver.client&amp#27;[0;39m - MongoClient with metadata {"application": {"name": "service-um"}, "driver": {"name": "mongo-java-driver|sync", "version": "4.11.1"}, "os": {"type": "Windows", "name": "Windows 11", "architecture": "amd64", "version": "10.0"}, "platform": "Java/Amazon.com Inc./21.0.4+7-LTS"} created with settings MongoClientSettings{readPreference=primary, writeConcern=WriteConcern{w=null, wTimeout=null ms, journal=null}, retryWrites=true, retryReads=true, readConcern=ReadConcern{level=null}, credential=null, transportSettings=null, streamFactoryFactory=null, commandListeners=[], codecRegistry=ProvidersCodecRegistry{codecProviders=[io.micronaut.data.mongodb.serde.DataCodecRegistry@28486680, ProvidersCodecRegistry{codecProviders=[ValueCodecProvider{}, BsonValueCodecProvider{}, DBRefCodecProvider{}, DBObjectCodecProvider{}, DocumentCodecProvider{}, CollectionCodecProvider{}, IterableCodecProvider{}, MapCodecProvider{}, GeoJsonCodecProvider{}, GridFSFileCodecProvider{}, Jsr310CodecProvider{}, JsonObjectCodecProvider{}, BsonCodecProvider{}, EnumCodecProvider{}, com.mongodb.client.model.mql.ExpressionCodecProvider@4d7e7435, com.mongodb.Jep395RecordCodecProvider@4a1e3ac1, com.mongodb.KotlinCodecProvider@6e78fcf5]}, ProvidersCodecRegistry{codecProviders=[MapOfCodecsProvider{codecsMap={}}]}]}, loggerSettings=LoggerSettings{maxDocumentLength=1000}, clusterSettings={hosts=[localhost:27017], srvServiceName=mongodb, mode=SINGLE, requiredClusterType=UNKNOWN, requiredReplicaSetName='null', serverSelector='null', clusterListeners='[]', serverSelectionTimeout='30000 ms', localThreshold='15 ms'}, socketSettings=SocketSettings{connectTimeoutMS=10000, readTimeoutMS=0, receiveBufferSize=0, proxySettings=ProxySettings{host=null, port=null, username=null, password=null}}, heartbeatSocketSettings=SocketSettings{connectTimeoutMS=10000, readTimeoutMS=10000, receiveBufferSize=0, proxySettings=ProxySettings{host=null, port=null, username=null, password=null}}, connectionPoolSettings=ConnectionPoolSettings{maxSize=100, minSize=0, maxWaitTimeMS=120000, maxConnectionLifeTimeMS=0, maxConnectionIdleTimeMS=0, maintenanceInitialDelayMS=0, maintenanceFrequencyMS=60000, connectionPoolListeners=[], maxConnecting=2}, serverSettings=ServerSettings{heartbeatFrequencyMS=10000, minHeartbeatFrequencyMS=500, serverListeners='[]', serverMonitorListeners='[]'}, sslSettings=SslSettings{enabled=false, invalidHostNameAllowed=false, context=null}, applicationName='service-um', compressorList=[], uuidRepresentation=UNSPECIFIED, serverApi=null, autoEncryptionSettings=null, dnsClient=null, inetAddressResolver=null, contextProvider=null}
&amp#27;[36m10:28:05.723&amp#27;[0;39m &amp#27;[1;30m[cluster-ClusterId{value='67320665323ed513b1a8ec45', description='service-um'}-localhost:27017]&amp#27;[0;39m &amp#27;[34mINFO &amp#27;[0;39m &amp#27;[35morg.mongodb.driver.cluster&amp#27;[0;39m - Monitor thread successfully connected to server with description ServerDescription{address=localhost:27017, type=STANDALONE, state=CONNECTED, ok=true, minWireVersion=0, maxWireVersion=21, maxDocumentSize=16777216, logicalSessionTimeoutMinutes=30, roundTripTimeNanos=22512400}
]]></system-out>
  </testcase>
</testsuite>