<?xml version="1.0" encoding="UTF-8"?>
<testsuite xmlns:xsi="http://www.w3.org/2001/XMLSchema-instance" xsi:noNamespaceSchemaLocation="https://maven.apache.org/surefire/maven-surefire-plugin/xsd/surefire-test-report.xsd" version="3.0.2" name="com.orchestrator.OrchestratorServiceTest" time="62.327" tests="1" errors="0" skipped="0" failures="0">
  <properties>
[...]
</properties>
  <testcase name="testItWorks" classname="com.orchestrator.OrchestratorServiceTest" time="0.026">
    <system-out><![CDATA[&amp#27;[36m14:31:17.133&amp#27;[0;39m &amp#27;[1;30m[main]&amp#27;[0;39m &amp#27;[34mINFO &amp#27;[0;39m &amp#27;[35mi.m.c.DefaultApplicationContext$RuntimeConfiguredEnvironment&amp#27;[0;39m - Established active environments: [test]
&amp#27;[36m14:31:17.440&amp#27;[0;39m &amp#27;[1;30m[main]&amp#27;[0;39m &amp#27;[34mINFO &amp#27;[0;39m &amp#27;[35mi.m.l.PropertiesLoggingLevelsConfigurer&amp#27;[0;39m - Setting log level 'OFF' for logger: 'org.apache.kafka'
&amp#27;[36m14:31:17.956&amp#27;[0;39m &amp#27;[1;30m[main]&amp#27;[0;39m &amp#27;[34mINFO &amp#27;[0;39m &amp#27;[35mi.m.c.kafka.admin.KafkaNewTopics&amp#27;[0;39m - Creating new topics: [(name=finish-fail, numPartitions=1, replicationFactor=1, replicasAssignments=null, configs=null), (name=finish-fail, numPartitions=1, replicationFactor=1, replicasAssignments=null, configs=null), (name=orchestrator, numPartitions=1, replicationFactor=1, replicasAssignments=null, configs=null), (name=start, numPartitions=1, replicationFactor=1, replicasAssignments=null, configs=null), (name=finish-success, numPartitions=1, replicationFactor=1, replicasAssignments=null, configs=null), (name=finish-success, numPartitions=1, replicationFactor=1, replicasAssignments=null, configs=null)]
&amp#27;[36m14:31:18.902&amp#27;[0;39m &amp#27;[1;30m[main]&amp#27;[0;39m &amp#27;[34mINFO &amp#27;[0;39m &amp#27;[35mi.m.c.k.p.KafkaConsumerProcessor&amp#27;[0;39m - Kafka listener [Consumer#consumerStartEvent] subscribed to topics: [start]
&amp#27;[36m14:31:18.949&amp#27;[0;39m &amp#27;[1;30m[pool-2-thread-1]&amp#27;[0;39m &amp#27;[34mINFO &amp#27;[0;39m &amp#27;[35mi.m.c.k.p.KafkaConsumerProcessor&amp#27;[0;39m - Consumer [orchestrator-service-consumer] assignments changed: null -> []
&amp#27;[36m14:31:19.030&amp#27;[0;39m &amp#27;[1;30m[main]&amp#27;[0;39m &amp#27;[34mINFO &amp#27;[0;39m &amp#27;[35mi.m.c.k.p.KafkaConsumerProcessor&amp#27;[0;39m - Kafka listener [Consumer#consumerOrchestratorEvent] subscribed to topics: [orchestrator]
&amp#27;[36m14:31:19.032&amp#27;[0;39m &amp#27;[1;30m[pool-2-thread-2]&amp#27;[0;39m &amp#27;[34mINFO &amp#27;[0;39m &amp#27;[35mi.m.c.k.p.KafkaConsumerProcessor&amp#27;[0;39m - Consumer [orchestrator-service-consumer-11] assignments changed: null -> []
&amp#27;[36m14:31:19.087&amp#27;[0;39m &amp#27;[1;30m[main]&amp#27;[0;39m &amp#27;[34mINFO &amp#27;[0;39m &amp#27;[35mi.m.c.k.p.KafkaConsumerProcessor&amp#27;[0;39m - Kafka listener [Consumer#consumerFinishSuccessEvent] subscribed to topics: [finish-success]
&amp#27;[36m14:31:19.092&amp#27;[0;39m &amp#27;[1;30m[pool-2-thread-3]&amp#27;[0;39m &amp#27;[34mINFO &amp#27;[0;39m &amp#27;[35mi.m.c.k.p.KafkaConsumerProcessor&amp#27;[0;39m - Consumer [orchestrator-service-consumer-12] assignments changed: null -> []
&amp#27;[36m14:31:19.139&amp#27;[0;39m &amp#27;[1;30m[main]&amp#27;[0;39m &amp#27;[34mINFO &amp#27;[0;39m &amp#27;[35mi.m.c.k.p.KafkaConsumerProcessor&amp#27;[0;39m - Kafka listener [Consumer#consumerFinishFailEvent] subscribed to topics: [finish-fail]
&amp#27;[36m14:31:19.141&amp#27;[0;39m &amp#27;[1;30m[pool-2-thread-4]&amp#27;[0;39m &amp#27;[34mINFO &amp#27;[0;39m &amp#27;[35mi.m.c.k.p.KafkaConsumerProcessor&amp#27;[0;39m - Consumer [orchestrator-service-consumer-13] assignments changed: null -> []
]]></system-out>
  </testcase>
</testsuite>