<?xml version="1.0" encoding="UTF-8"?>
<testsuite xmlns:xsi="http://www.w3.org/2001/XMLSchema-instance" xsi:noNamespaceSchemaLocation="https://maven.apache.org/surefire/maven-surefire-plugin/xsd/surefire-test-report.xsd" version="3.0.2" name="com.servicesdois.ServicesDoisTest" time="68.327" tests="1" errors="0" skipped="0" failures="0">
  <properties>
[...]
</properties>
  <testcase name="testItWorks" classname="com.servicesdois.ServicesDoisTest" time="0.12">
    <system-out><![CDATA[&amp#27;[36m12:43:22.496&amp#27;[0;39m &amp#27;[1;30m[main]&amp#27;[0;39m &amp#27;[34mINFO &amp#27;[0;39m &amp#27;[35mi.m.c.DefaultApplicationContext$RuntimeConfiguredEnvironment&amp#27;[0;39m - Established active environments: [test]
&amp#27;[36m12:43:23.145&amp#27;[0;39m &amp#27;[1;30m[main]&amp#27;[0;39m &amp#27;[34mINFO &amp#27;[0;39m &amp#27;[35mi.m.l.PropertiesLoggingLevelsConfigurer&amp#27;[0;39m - Setting log level 'OFF' for logger: 'org.apache.kafka'
&amp#27;[36m12:43:24.610&amp#27;[0;39m &amp#27;[1;30m[main]&amp#27;[0;39m &amp#27;[34mINFO &amp#27;[0;39m &amp#27;[35mi.m.c.kafka.admin.KafkaNewTopics&amp#27;[0;39m - Creating new topics: [(name=payment-success, numPartitions=1, replicationFactor=1, replicasAssignments=null, configs=null), (name=payment-fail, numPartitions=1, replicationFactor=1, replicasAssignments=null, configs=null)]
&amp#27;[36m12:43:26.838&amp#27;[0;39m &amp#27;[1;30m[main]&amp#27;[0;39m &amp#27;[34mINFO &amp#27;[0;39m &amp#27;[35mi.m.c.k.p.KafkaConsumerProcessor&amp#27;[0;39m - Kafka listener [Consumer#consumerPaymentSuccessEvent] subscribed to topics: [payment-success]
&amp#27;[36m12:43:26.928&amp#27;[0;39m &amp#27;[1;30m[pool-2-thread-1]&amp#27;[0;39m &amp#27;[34mINFO &amp#27;[0;39m &amp#27;[35mi.m.c.k.p.KafkaConsumerProcessor&amp#27;[0;39m - Consumer [services-dois-consumer] assignments changed: null -> []
&amp#27;[36m12:43:27.044&amp#27;[0;39m &amp#27;[1;30m[main]&amp#27;[0;39m &amp#27;[34mINFO &amp#27;[0;39m &amp#27;[35mi.m.c.k.p.KafkaConsumerProcessor&amp#27;[0;39m - Kafka listener [Consumer#consumerPaymentFailEvent] subscribed to topics: [payment-fail]
&amp#27;[36m12:43:27.050&amp#27;[0;39m &amp#27;[1;30m[pool-2-thread-2]&amp#27;[0;39m &amp#27;[34mINFO &amp#27;[0;39m &amp#27;[35mi.m.c.k.p.KafkaConsumerProcessor&amp#27;[0;39m - Consumer [services-dois-consumer-11] assignments changed: null -> []
&amp#27;[36m12:43:28.448&amp#27;[0;39m &amp#27;[1;30m[main]&amp#27;[0;39m &amp#27;[34mINFO &amp#27;[0;39m &amp#27;[35morg.mongodb.driver.client&amp#27;[0;39m - MongoClient with metadata {"application": {"name": "services-dois"}, "driver": {"name": "mongo-java-driver|sync", "version": "4.11.1"}, "os": {"type": "Windows", "name": "Windows 10", "architecture": "amd64", "version": "10.0"}, "platform": "Java/Oracle Corporation/21.0.3+7-LTS-152"} created with settings MongoClientSettings{readPreference=primary, writeConcern=WriteConcern{w=null, wTimeout=null ms, journal=null}, retryWrites=true, retryReads=true, readConcern=ReadConcern{level=null}, credential=null, transportSettings=null, streamFactoryFactory=null, commandListeners=[], codecRegistry=ProvidersCodecRegistry{codecProviders=[io.micronaut.data.mongodb.serde.DataCodecRegistry@3c87fdf2, ProvidersCodecRegistry{codecProviders=[ValueCodecProvider{}, BsonValueCodecProvider{}, DBRefCodecProvider{}, DBObjectCodecProvider{}, DocumentCodecProvider{}, CollectionCodecProvider{}, IterableCodecProvider{}, MapCodecProvider{}, GeoJsonCodecProvider{}, GridFSFileCodecProvider{}, Jsr310CodecProvider{}, JsonObjectCodecProvider{}, BsonCodecProvider{}, EnumCodecProvider{}, com.mongodb.client.model.mql.ExpressionCodecProvider@26bbe604, com.mongodb.Jep395RecordCodecProvider@fe34b86, com.mongodb.KotlinCodecProvider@3c98781a]}, ProvidersCodecRegistry{codecProviders=[MapOfCodecsProvider{codecsMap={}}]}]}, loggerSettings=LoggerSettings{maxDocumentLength=1000}, clusterSettings={hosts=[localhost:27017], srvServiceName=mongodb, mode=SINGLE, requiredClusterType=UNKNOWN, requiredReplicaSetName='null', serverSelector='null', clusterListeners='[]', serverSelectionTimeout='30000 ms', localThreshold='15 ms'}, socketSettings=SocketSettings{connectTimeoutMS=10000, readTimeoutMS=0, receiveBufferSize=0, proxySettings=ProxySettings{host=null, port=null, username=null, password=null}}, heartbeatSocketSettings=SocketSettings{connectTimeoutMS=10000, readTimeoutMS=10000, receiveBufferSize=0, proxySettings=ProxySettings{host=null, port=null, username=null, password=null}}, connectionPoolSettings=ConnectionPoolSettings{maxSize=100, minSize=0, maxWaitTimeMS=120000, maxConnectionLifeTimeMS=0, maxConnectionIdleTimeMS=0, maintenanceInitialDelayMS=0, maintenanceFrequencyMS=60000, connectionPoolListeners=[], maxConnecting=2}, serverSettings=ServerSettings{heartbeatFrequencyMS=10000, minHeartbeatFrequencyMS=500, serverListeners='[]', serverMonitorListeners='[]'}, sslSettings=SslSettings{enabled=false, invalidHostNameAllowed=false, context=null}, applicationName='services-dois', compressorList=[], uuidRepresentation=UNSPECIFIED, serverApi=null, autoEncryptionSettings=null, dnsClient=null, inetAddressResolver=null, contextProvider=null}
&amp#27;[36m12:43:28.472&amp#27;[0;39m &amp#27;[1;30m[cluster-ClusterId{value='66fac720285c8330f4b50b98', description='services-dois'}-localhost:27017]&amp#27;[0;39m &amp#27;[34mINFO &amp#27;[0;39m &amp#27;[35morg.mongodb.driver.cluster&amp#27;[0;39m - Monitor thread successfully connected to server with description ServerDescription{address=localhost:27017, type=STANDALONE, state=CONNECTED, ok=true, minWireVersion=0, maxWireVersion=13, maxDocumentSize=16777216, logicalSessionTimeoutMinutes=30, roundTripTimeNanos=76770900}
]]></system-out>
  </testcase>
</testsuite>